#
# There is insufficient memory for the Java Runtime Environment to continue.
# Native memory allocation (malloc) failed to allocate 1048576 bytes. Error detail: AllocateHeap
# Possible reasons:
#   The system is out of physical RAM or swap space
#   This process is running with CompressedOops enabled, and the Java Heap may be blocking the growth of the native heap
# Possible solutions:
#   Reduce memory load on the system
#   Increase physical memory or swap space
#   Check if swap backing store is full
#   Decrease Java heap size (-Xmx/-Xms)
#   Decrease number of Java threads
#   Decrease Java thread stack sizes (-Xss)
#   Set larger code cache with -XX:ReservedCodeCacheSize=
#   JVM is running with Unscaled Compressed Oops mode in which the Java heap is
#     placed in the first 4GB address space. The Java Heap base address is the
#     maximum limit for the native heap growth. Please use -XX:HeapBaseMinAddress
#     to set the Java Heap base and to place the Java Heap above 4GB virtual address.
# This output file may be truncated or incomplete.
#
#  Out of Memory Error (allocation.cpp:44), pid=11532, tid=11028
#
# JRE version: OpenJDK Runtime Environment Temurin-21.0.8+9 (21.0.8+9) (build 21.0.8+9-LTS)
# Java VM: OpenJDK 64-Bit Server VM Temurin-21.0.8+9 (21.0.8+9-LTS, mixed mode, sharing, tiered, compressed oops, compressed class ptrs, parallel gc, windows-amd64)
# No core dump will be written. Minidumps are not enabled by default on client versions of Windows
#

---------------  S U M M A R Y ------------

Command Line: --add-modules=ALL-SYSTEM --add-opens=java.base/java.util=ALL-UNNAMED --add-opens=java.base/java.lang=ALL-UNNAMED --add-opens=java.base/sun.nio.fs=ALL-UNNAMED -Declipse.application=org.eclipse.jdt.ls.core.id1 -Dosgi.bundles.defaultStartLevel=4 -Declipse.product=org.eclipse.jdt.ls.core.product -Djava.import.generatesMetadataFilesAtProjectRoot=false -DDetectVMInstallationsJob.disabled=true -Dfile.encoding=utf8 -XX:+UseParallelGC -XX:GCTimeRatio=4 -XX:AdaptiveSizePolicyWeight=90 -Dsun.zip.disableMemoryMapping=true -Xmx2G -Xms100m -Xlog:disable -javaagent:c:\Users\user\.vscode\extensions\redhat.java-1.44.0-win32-x64\lombok\lombok-1.18.39-4050.jar -XX:+HeapDumpOnOutOfMemoryError -XX:HeapDumpPath=c:\Users\user\AppData\Roaming\Code\User\workspaceStorage\48b1f21240af86d5934cb470aa058fdb\redhat.java -Daether.dependencyCollector.impl=bf c:\Users\user\.vscode\extensions\redhat.java-1.44.0-win32-x64\server\plugins\org.eclipse.equinox.launcher_1.7.0.v20250519-0528.jar -configuration c:\Users\user\AppData\Roaming\Code\User\globalStorage\redhat.java\1.44.0\config_win -data c:\Users\user\AppData\Roaming\Code\User\workspaceStorage\48b1f21240af86d5934cb470aa058fdb\redhat.java\jdt_ws --pipe=\\.\pipe\lsp-9157e4c3f0e2417e1074a2128ce8e6ca-sock

Host: 11th Gen Intel(R) Core(TM) i3-1115G4 @ 3.00GHz, 4 cores, 7G,  Windows 11 , 64 bit Build 22621 (10.0.22621.5415)
Time: Tue Aug 26 20:15:30 2025 elapsed time: 301.244346 seconds (0d 0h 5m 1s)

---------------  T H R E A D  ---------------

Current thread (0x0000021507057fc0):  JavaThread "Attach Listener" daemon [_thread_in_vm, id=11028, stack(0x000000363b300000,0x000000363b400000) (1024K)]

Stack: [0x000000363b300000,0x000000363b400000]
Native frames: (J=compiled Java code, j=interpreted, Vv=VM code, C=native code)
V  [jvm.dll+0x6d2449]
V  [jvm.dll+0x8ae341]
V  [jvm.dll+0x8b08be]
V  [jvm.dll+0x8b0fa3]
V  [jvm.dll+0x280c96]
V  [jvm.dll+0xc0347]
V  [jvm.dll+0x6d2cf9]
V  [jvm.dll+0x131116]
V  [jvm.dll+0x3f2d16]
V  [jvm.dll+0x857e6b]
V  [jvm.dll+0x6d0b0d]
C  [ucrtbase.dll+0x29333]
C  [KERNEL32.DLL+0x1259d]
C  [ntdll.dll+0x5af78]


---------------  P R O C E S S  ---------------

Threads class SMR info:
_java_thread_list=0x0000021565dc14b0, length=42, elements={
0x00000215049f30e0, 0x000002150721e730, 0x0000021507055fc0, 0x0000021507056fc0,
0x0000021507057fc0, 0x0000021507059e70, 0x000002150705c9c0, 0x000002150705f8f0,
0x00000215070d6790, 0x000002155f7b4e00, 0x000002155fa05d40, 0x00000215643580c0,
0x000002156430bf00, 0x000002156430cd60, 0x0000021564830ac0, 0x00000215644a8480,
0x00000215644a9ec0, 0x00000215644a8b10, 0x00000215644a9830, 0x00000215644a7df0,
0x0000021566a38710, 0x0000021566a39ac0, 0x0000021566a3ae70, 0x0000021566a3b500,
0x0000021566a38da0, 0x0000021566a38080, 0x0000021566a39430, 0x0000021566563ac0,
0x0000021566561360, 0x000002156655dee0, 0x0000021566564150, 0x000002156655cb30,
0x000002156414ed50, 0x0000021564149e90, 0x000002156414cc80, 0x000002156414d310,
0x000002156414e030, 0x000002156414a520, 0x000002156414b240, 0x0000021564150e20,
0x000002156414b8d0, 0x000002156414d9a0
}

Java Threads: ( => current thread )
  0x00000215049f30e0 JavaThread "main"                              [_thread_blocked, id=3432, stack(0x000000363ad00000,0x000000363ae00000) (1024K)]
  0x000002150721e730 JavaThread "Reference Handler"          daemon [_thread_blocked, id=14804, stack(0x000000363b000000,0x000000363b100000) (1024K)]
  0x0000021507055fc0 JavaThread "Finalizer"                  daemon [_thread_blocked, id=12380, stack(0x000000363b100000,0x000000363b200000) (1024K)]
  0x0000021507056fc0 JavaThread "Signal Dispatcher"          daemon [_thread_blocked, id=3340, stack(0x000000363b200000,0x000000363b300000) (1024K)]
=>0x0000021507057fc0 JavaThread "Attach Listener"            daemon [_thread_in_vm, id=11028, stack(0x000000363b300000,0x000000363b400000) (1024K)]
  0x0000021507059e70 JavaThread "Service Thread"             daemon [_thread_blocked, id=9848, stack(0x000000363b400000,0x000000363b500000) (1024K)]
  0x000002150705c9c0 JavaThread "Monitor Deflation Thread"   daemon [_thread_blocked, id=3556, stack(0x000000363b500000,0x000000363b600000) (1024K)]
  0x000002150705f8f0 JavaThread "C2 CompilerThread0"         daemon [_thread_blocked, id=6836, stack(0x000000363b600000,0x000000363b700000) (1024K)]
  0x00000215070d6790 JavaThread "C1 CompilerThread0"         daemon [_thread_blocked, id=12504, stack(0x000000363b700000,0x000000363b800000) (1024K)]
  0x000002155f7b4e00 JavaThread "Common-Cleaner"             daemon [_thread_blocked, id=11788, stack(0x000000363b800000,0x000000363b900000) (1024K)]
  0x000002155fa05d40 JavaThread "Notification Thread"        daemon [_thread_blocked, id=6660, stack(0x000000363b900000,0x000000363ba00000) (1024K)]
  0x00000215643580c0 JavaThread "Active Thread: Equinox Container: 44507e49-dbe7-4d54-a946-45bb8914f92e"        [_thread_blocked, id=14580, stack(0x000000363c100000,0x000000363c200000) (1024K)]
  0x000002156430bf00 JavaThread "Framework Event Dispatcher: Equinox Container: 44507e49-dbe7-4d54-a946-45bb8914f92e" daemon [_thread_blocked, id=3016, stack(0x000000363c200000,0x000000363c300000) (1024K)]
  0x000002156430cd60 JavaThread "Start Level: Equinox Container: 44507e49-dbe7-4d54-a946-45bb8914f92e" daemon [_thread_blocked, id=12208, stack(0x000000363c300000,0x000000363c400000) (1024K)]
  0x0000021564830ac0 JavaThread "Refresh Thread: Equinox Container: 44507e49-dbe7-4d54-a946-45bb8914f92e" daemon [_thread_blocked, id=14592, stack(0x000000363c400000,0x000000363c500000) (1024K)]
  0x00000215644a8480 JavaThread "Bundle File Closer"         daemon [_thread_blocked, id=6852, stack(0x000000363c500000,0x000000363c600000) (1024K)]
  0x00000215644a9ec0 JavaThread "SCR Component Actor"        daemon [_thread_blocked, id=15608, stack(0x000000363c600000,0x000000363c700000) (1024K)]
  0x00000215644a8b10 JavaThread "Worker-JM"                         [_thread_blocked, id=14364, stack(0x000000363c800000,0x000000363c900000) (1024K)]
  0x00000215644a9830 JavaThread "JNA Cleaner"                daemon [_thread_blocked, id=13772, stack(0x000000363c900000,0x000000363ca00000) (1024K)]
  0x00000215644a7df0 JavaThread "Java indexing"              daemon [_thread_blocked, id=14240, stack(0x000000363bd00000,0x000000363be00000) (1024K)]
  0x0000021566a38710 JavaThread "Thread-2"                   daemon [_thread_in_native, id=2700, stack(0x000000363ce00000,0x000000363cf00000) (1024K)]
  0x0000021566a39ac0 JavaThread "Thread-3"                   daemon [_thread_in_native, id=16908, stack(0x000000363cf00000,0x000000363d000000) (1024K)]
  0x0000021566a3ae70 JavaThread "Thread-4"                   daemon [_thread_in_native, id=6868, stack(0x000000363d000000,0x000000363d100000) (1024K)]
  0x0000021566a3b500 JavaThread "Thread-5"                   daemon [_thread_in_native, id=1432, stack(0x000000363d100000,0x000000363d200000) (1024K)]
  0x0000021566a38da0 JavaThread "Thread-6"                   daemon [_thread_in_native, id=10852, stack(0x000000363d200000,0x000000363d300000) (1024K)]
  0x0000021566a38080 JavaThread "pool-2-thread-1"                   [_thread_blocked, id=1084, stack(0x000000363d300000,0x000000363d400000) (1024K)]
  0x0000021566a39430 JavaThread "WorkspaceEventsHandler"            [_thread_blocked, id=17772, stack(0x000000363d500000,0x000000363d600000) (1024K)]
  0x0000021566563ac0 JavaThread "pool-1-thread-1"                   [_thread_blocked, id=5460, stack(0x000000363d600000,0x000000363d700000) (1024K)]
  0x0000021566561360 JavaThread "Worker-6"                          [_thread_blocked, id=10988, stack(0x000000363d700000,0x000000363d800000) (1024K)]
  0x000002156655dee0 JavaThread "Compiler Source File Reader" daemon [_thread_blocked, id=17752, stack(0x000000363e100000,0x000000363e200000) (1024K)]
  0x0000021566564150 JavaThread "Compiler Source File Reader" daemon [_thread_blocked, id=14524, stack(0x000000363e300000,0x000000363e400000) (1024K)]
  0x000002156655cb30 JavaThread "Compiler Class File Writer" daemon [_thread_blocked, id=10244, stack(0x000000363e400000,0x000000363e500000) (1024K)]
  0x000002156414ed50 JavaThread "Compiler Class File Writer" daemon [_thread_blocked, id=11640, stack(0x000000363e500000,0x000000363e600000) (1024K)]
  0x0000021564149e90 JavaThread "ForkJoinPool.commonPool-worker-1" daemon [_thread_blocked, id=1856, stack(0x000000363ab00000,0x000000363ac00000) (1024K)]
  0x000002156414cc80 JavaThread "ForkJoinPool.commonPool-worker-3" daemon [_thread_blocked, id=16980, stack(0x000000363dc00000,0x000000363dd00000) (1024K)]
  0x000002156414d310 JavaThread "Cleaner-0"                  daemon [_thread_blocked, id=15576, stack(0x000000363aa00000,0x000000363ab00000) (1024K)]
  0x000002156414e030 JavaThread "Worker-8"                          [_thread_blocked, id=3968, stack(0x000000363da00000,0x000000363db00000) (1024K)]
  0x000002156414a520 JavaThread "Java Debug Server"          daemon [_thread_in_native, id=14196, stack(0x000000363bf00000,0x000000363c000000) (1024K)]
  0x000002156414b240 JavaThread "RxSchedulerPurge-1"         daemon [_thread_blocked, id=1040, stack(0x000000363c700000,0x000000363c800000) (1024K)]
  0x0000021564150e20 JavaThread "RxCachedWorkerPoolEvictor-1" daemon [_thread_blocked, id=13572, stack(0x000000363ca00000,0x000000363cb00000) (1024K)]
  0x000002156414b8d0 JavaThread "Worker-9"                          [_thread_blocked, id=4696, stack(0x000000363cb00000,0x000000363cc00000) (1024K)]
  0x000002156414d9a0 JavaThread "Worker-10"                         [_thread_blocked, id=7364, stack(0x000000363cc00000,0x000000363cd00000) (1024K)]
Total: 42

Other Threads:
  0x0000021507208810 VMThread "VM Thread"                           [id=15096, stack(0x000000363af00000,0x000000363b000000) (1024K)]
  0x00000215071db580 WatcherThread "VM Periodic Task Thread"        [id=11048, stack(0x000000363ae00000,0x000000363af00000) (1024K)]
  0x000002150718be70 WorkerThread "GC Thread#0"                     [id=11096, stack(0x000000363a900000,0x000000363aa00000) (1024K)]
  0x00000215641f8ce0 WorkerThread "GC Thread#1"                     [id=12492, stack(0x000000363ba00000,0x000000363bb00000) (1024K)]
  0x000002156449d450 WorkerThread "GC Thread#2"                     [id=1360, stack(0x000000363bb00000,0x000000363bc00000) (1024K)]
  0x000002156449d7f0 WorkerThread "GC Thread#3"                     [id=2536, stack(0x000000363bc00000,0x000000363bd00000) (1024K)]
Total: 6

Threads with active compile tasks:
Total: 0

VM state: not at safepoint (normal execution)

VM Mutex/Monitor currently owned by a thread: None

Heap address: 0x0000000080000000, size: 2048 MB, Compressed Oops mode: 32-bit

CDS archive(s) mapped at: [0x000002151e000000-0x000002151eba0000-0x000002151eba0000), size 12189696, SharedBaseAddress: 0x000002151e000000, ArchiveRelocationMode: 1.
Compressed class space mapped at: 0x000002151f000000-0x000002155f000000, reserved size: 1073741824
Narrow klass base: 0x000002151e000000, Narrow klass shift: 0, Narrow klass range: 0x100000000

GC Precious Log:
 CardTable entry size: 512
 CPUs: 4 total, 4 available
 Memory: 7932M
 Large Page Support: Disabled
 NUMA Support: Disabled
 Compressed Oops: Enabled (32-bit)
 Alignments: Space 512K, Generation 512K, Heap 2M
 Heap Min Capacity: 100M
 Heap Initial Capacity: 100M
 Heap Max Capacity: 2G
 Pre-touch: Disabled
 Parallel Workers: 4

Heap:
 PSYoungGen      total 4608K, used 3609K [0x00000000d5580000, 0x00000000d5b00000, 0x0000000100000000)
  eden space 4096K, 83% used [0x00000000d5580000,0x00000000d58d66e8,0x00000000d5980000)
  from space 512K, 37% used [0x00000000d5a00000,0x00000000d5a30000,0x00000000d5a80000)
  to   space 512K, 0% used [0x00000000d5a80000,0x00000000d5a80000,0x00000000d5b00000)
 ParOldGen       total 861184K, used 860898K [0x0000000080000000, 0x00000000b4900000, 0x00000000d5580000)
  object space 861184K, 99% used [0x0000000080000000,0x00000000b48b8b18,0x00000000b4900000)
 Metaspace       used 78937K, committed 80576K, reserved 1179648K
  class space    used 8369K, committed 9088K, reserved 1048576K

Card table byte_map: [0x0000021506b00000,0x0000021506f10000] _byte_map_base: 0x0000021506700000

Marking Bits: (ParMarkBitMap*) 0x00007ff8cf4ca340
 Begin Bits: [0x0000021519600000, 0x000002151b600000)
 End Bits:   [0x000002151b600000, 0x000002151d600000)

Polling page: 0x0000021504c90000

Metaspace:

Usage:
  Non-class:     68.91 MB used.
      Class:      8.17 MB used.
       Both:     77.09 MB used.

Virtual space:
  Non-class space:      128.00 MB reserved,      69.81 MB ( 55%) committed,  2 nodes.
      Class space:        1.00 GB reserved,       8.88 MB ( <1%) committed,  1 nodes.
             Both:        1.12 GB reserved,      78.69 MB (  7%) committed. 

Chunk freelists:
   Non-Class:  10.01 MB
       Class:  7.16 MB
        Both:  17.17 MB

MaxMetaspaceSize: unlimited
CompressedClassSpaceSize: 1.00 GB
Initial GC threshold: 21.00 MB
Current GC threshold: 97.31 MB
CDS: on
 - commit_granule_bytes: 65536.
 - commit_granule_words: 8192.
 - virtual_space_node_default_size: 8388608.
 - enlarge_chunks_in_place: 1.
 - use_allocation_guard: 0.


Internal statistics:

num_allocs_failed_limit: 9.
num_arena_births: 1426.
num_arena_deaths: 14.
num_vsnodes_births: 3.
num_vsnodes_deaths: 0.
num_space_committed: 1259.
num_space_uncommitted: 0.
num_chunks_returned_to_freelist: 23.
num_chunks_taken_from_freelist: 5050.
num_chunk_merges: 12.
num_chunk_splits: 3069.
num_chunks_enlarged: 1736.
num_inconsistent_stats: 0.

CodeHeap 'non-profiled nmethods': size=120000Kb used=13554Kb max_used=13554Kb free=106445Kb
 bounds [0x0000021511e20000, 0x0000021512b60000, 0x0000021519350000]
CodeHeap 'profiled nmethods': size=120000Kb used=33522Kb max_used=33522Kb free=86477Kb
 bounds [0x000002150a350000, 0x000002150c410000, 0x0000021511880000]
CodeHeap 'non-nmethods': size=5760Kb used=1532Kb max_used=1590Kb free=4228Kb
 bounds [0x0000021511880000, 0x0000021511af0000, 0x0000021511e20000]
CodeCache: size=245760Kb, used=48608Kb, max_used=48666Kb, free=197150Kb
 total_blobs=14840, nmethods=13987, adapters=757, full_count=0
Compilation: enabled, stopped_count=0, restarted_count=0

Compilation events (20 events):
Event: 247.515 Thread 0x00000215070d6790 14868       3       org.eclipse.core.internal.jobs.JobManager$$Lambda/0x000002151f196ba8::<init> (10 bytes)
Event: 247.515 Thread 0x00000215070d6790 nmethod 14868 0x000002150c407510 code [0x000002150c4076c0, 0x000002150c407848]
Event: 247.543 Thread 0x00000215070d6790 14869       3       java.util.concurrent.atomic.AtomicLong::updateAndGet (59 bytes)
Event: 247.544 Thread 0x00000215070d6790 nmethod 14869 0x000002150c407910 code [0x000002150c407b00, 0x000002150c408008]
Event: 248.003 Thread 0x00000215070d6790 14870       3       java.util.concurrent.ScheduledThreadPoolExecutor$ScheduledFutureTask::getDelay (16 bytes)
Event: 248.010 Thread 0x00000215070d6790 nmethod 14870 0x000002150c408290 code [0x000002150c408440, 0x000002150c4085d8]
Event: 250.002 Thread 0x00000215070d6790 14871   !   3       java.util.concurrent.ThreadPoolExecutor::purge (131 bytes)
Event: 250.003 Thread 0x00000215070d6790 nmethod 14871 0x000002150c408690 code [0x000002150c408940, 0x000002150c409878]
Event: 250.003 Thread 0x00000215070d6790 14872   !   3       java.util.concurrent.ScheduledThreadPoolExecutor$DelayedWorkQueue::iterator (45 bytes)
Event: 250.008 Thread 0x00000215070d6790 nmethod 14872 0x000002150c409c90 code [0x000002150c409f00, 0x000002150c40ab50]
Event: 250.008 Thread 0x00000215070d6790 14873       3       java.util.concurrent.ScheduledThreadPoolExecutor$DelayedWorkQueue$Itr::<init> (20 bytes)
Event: 250.008 Thread 0x00000215070d6790 nmethod 14873 0x000002150c40b010 code [0x000002150c40b1c0, 0x000002150c40b360]
Event: 251.956 Thread 0x00000215070d6790 14874       3       java.util.concurrent.locks.ReentrantLock$Sync::lockInterruptibly (27 bytes)
Event: 251.961 Thread 0x00000215070d6790 nmethod 14874 0x000002150c40b410 code [0x000002150c40b600, 0x000002150c40bb28]
Event: 252.006 Thread 0x00000215070d6790 14875       3       java.util.concurrent.locks.ReentrantLock::lockInterruptibly (8 bytes)
Event: 252.007 Thread 0x00000215070d6790 nmethod 14875 0x000002150c40bd10 code [0x000002150c40bf20, 0x000002150c40c4a8]
Event: 258.000 Thread 0x00000215070d6790 14876       1       java.util.concurrent.ThreadPoolExecutor::getQueue (5 bytes)
Event: 258.000 Thread 0x00000215070d6790 nmethod 14876 0x0000021512b5c810 code [0x0000021512b5c9a0, 0x0000021512b5ca68]
Event: 276.500 Thread 0x00000215070d6790 14877       3       java.util.concurrent.ScheduledThreadPoolExecutor$DelayedWorkQueue$Itr::hasNext (18 bytes)
Event: 276.698 Thread 0x00000215070d6790 nmethod 14877 0x000002150c40c690 code [0x000002150c40c840, 0x000002150c40c9b0]

GC Heap History (20 events):
Event: 204.605 GC heap before
{Heap before GC invocations=1411 (full 3):
 PSYoungGen      total 5120K, used 4708K [0x00000000d5580000, 0x00000000d5b80000, 0x0000000100000000)
  eden space 4096K, 99% used [0x00000000d5580000,0x00000000d597ffd0,0x00000000d5980000)
  from space 1024K, 59% used [0x00000000d5980000,0x00000000d5a19210,0x00000000d5a80000)
  to   space 1024K, 0% used [0x00000000d5a80000,0x00000000d5a80000,0x00000000d5b80000)
 ParOldGen       total 859648K, used 859323K [0x0000000080000000, 0x00000000b4780000, 0x00000000d5580000)
  object space 859648K, 99% used [0x0000000080000000,0x00000000b472ed10,0x00000000b4780000)
 Metaspace       used 75736K, committed 77376K, reserved 1179648K
  class space    used 7928K, committed 8640K, reserved 1048576K
}
Event: 205.461 GC heap after
{Heap after GC invocations=1411 (full 3):
 PSYoungGen      total 4608K, used 160K [0x00000000d5580000, 0x00000000d5b00000, 0x0000000100000000)
  eden space 4096K, 0% used [0x00000000d5580000,0x00000000d5580000,0x00000000d5980000)
  from space 512K, 31% used [0x00000000d5a80000,0x00000000d5aa8000,0x00000000d5b00000)
  to   space 512K, 0% used [0x00000000d5a00000,0x00000000d5a00000,0x00000000d5a80000)
 ParOldGen       total 859648K, used 859339K [0x0000000080000000, 0x00000000b4780000, 0x00000000d5580000)
  object space 859648K, 99% used [0x0000000080000000,0x00000000b4732d10,0x00000000b4780000)
 Metaspace       used 75736K, committed 77376K, reserved 1179648K
  class space    used 7928K, committed 8640K, reserved 1048576K
}
Event: 207.103 GC heap before
{Heap before GC invocations=1412 (full 3):
 PSYoungGen      total 4608K, used 4211K [0x00000000d5580000, 0x00000000d5b00000, 0x0000000100000000)
  eden space 4096K, 98% used [0x00000000d5580000,0x00000000d5974fd8,0x00000000d5980000)
  from space 512K, 31% used [0x00000000d5a80000,0x00000000d5aa8000,0x00000000d5b00000)
  to   space 512K, 0% used [0x00000000d5a00000,0x00000000d5a00000,0x00000000d5a80000)
 ParOldGen       total 859648K, used 859339K [0x0000000080000000, 0x00000000b4780000, 0x00000000d5580000)
  object space 859648K, 99% used [0x0000000080000000,0x00000000b4732d10,0x00000000b4780000)
 Metaspace       used 75912K, committed 77568K, reserved 1179648K
  class space    used 7948K, committed 8640K, reserved 1048576K
}
Event: 207.110 GC heap after
{Heap after GC invocations=1412 (full 3):
 PSYoungGen      total 4608K, used 438K [0x00000000d5580000, 0x00000000d5b00000, 0x0000000100000000)
  eden space 4096K, 0% used [0x00000000d5580000,0x00000000d5580000,0x00000000d5980000)
  from space 512K, 85% used [0x00000000d5a00000,0x00000000d5a6d878,0x00000000d5a80000)
  to   space 512K, 0% used [0x00000000d5a80000,0x00000000d5a80000,0x00000000d5b00000)
 ParOldGen       total 860672K, used 860175K [0x0000000080000000, 0x00000000b4880000, 0x00000000d5580000)
  object space 860672K, 99% used [0x0000000080000000,0x00000000b4803ef0,0x00000000b4880000)
 Metaspace       used 75912K, committed 77568K, reserved 1179648K
  class space    used 7948K, committed 8640K, reserved 1048576K
}
Event: 207.161 GC heap before
{Heap before GC invocations=1413 (full 3):
 PSYoungGen      total 4608K, used 4396K [0x00000000d5580000, 0x00000000d5b00000, 0x0000000100000000)
  eden space 4096K, 96% used [0x00000000d5580000,0x00000000d595dad8,0x00000000d5980000)
  from space 512K, 85% used [0x00000000d5a00000,0x00000000d5a6d878,0x00000000d5a80000)
  to   space 512K, 0% used [0x00000000d5a80000,0x00000000d5a80000,0x00000000d5b00000)
 ParOldGen       total 860672K, used 860175K [0x0000000080000000, 0x00000000b4880000, 0x00000000d5580000)
  object space 860672K, 99% used [0x0000000080000000,0x00000000b4803ef0,0x00000000b4880000)
 Metaspace       used 75912K, committed 77568K, reserved 1179648K
  class space    used 7948K, committed 8640K, reserved 1048576K
}
Event: 207.164 GC heap after
{Heap after GC invocations=1413 (full 3):
 PSYoungGen      total 4608K, used 96K [0x00000000d5580000, 0x00000000d5b00000, 0x0000000100000000)
  eden space 4096K, 0% used [0x00000000d5580000,0x00000000d5580000,0x00000000d5980000)
  from space 512K, 18% used [0x00000000d5a80000,0x00000000d5a98000,0x00000000d5b00000)
  to   space 512K, 0% used [0x00000000d5a00000,0x00000000d5a00000,0x00000000d5a80000)
 ParOldGen       total 860672K, used 860339K [0x0000000080000000, 0x00000000b4880000, 0x00000000d5580000)
  object space 860672K, 99% used [0x0000000080000000,0x00000000b482cf00,0x00000000b4880000)
 Metaspace       used 75912K, committed 77568K, reserved 1179648K
  class space    used 7948K, committed 8640K, reserved 1048576K
}
Event: 207.352 GC heap before
{Heap before GC invocations=1414 (full 3):
 PSYoungGen      total 4608K, used 4192K [0x00000000d5580000, 0x00000000d5b00000, 0x0000000100000000)
  eden space 4096K, 100% used [0x00000000d5580000,0x00000000d5980000,0x00000000d5980000)
  from space 512K, 18% used [0x00000000d5a80000,0x00000000d5a98000,0x00000000d5b00000)
  to   space 512K, 0% used [0x00000000d5a00000,0x00000000d5a00000,0x00000000d5a80000)
 ParOldGen       total 860672K, used 860339K [0x0000000080000000, 0x00000000b4880000, 0x00000000d5580000)
  object space 860672K, 99% used [0x0000000080000000,0x00000000b482cf00,0x00000000b4880000)
 Metaspace       used 75912K, committed 77568K, reserved 1179648K
  class space    used 7948K, committed 8640K, reserved 1048576K
}
Event: 207.355 GC heap after
{Heap after GC invocations=1414 (full 3):
 PSYoungGen      total 4608K, used 96K [0x00000000d5580000, 0x00000000d5b00000, 0x0000000100000000)
  eden space 4096K, 0% used [0x00000000d5580000,0x00000000d5580000,0x00000000d5980000)
  from space 512K, 18% used [0x00000000d5a00000,0x00000000d5a18000,0x00000000d5a80000)
  to   space 512K, 0% used [0x00000000d5a80000,0x00000000d5a80000,0x00000000d5b00000)
 ParOldGen       total 860672K, used 860371K [0x0000000080000000, 0x00000000b4880000, 0x00000000d5580000)
  object space 860672K, 99% used [0x0000000080000000,0x00000000b4834f00,0x00000000b4880000)
 Metaspace       used 75912K, committed 77568K, reserved 1179648K
  class space    used 7948K, committed 8640K, reserved 1048576K
}
Event: 207.663 GC heap before
{Heap before GC invocations=1415 (full 3):
 PSYoungGen      total 4608K, used 4180K [0x00000000d5580000, 0x00000000d5b00000, 0x0000000100000000)
  eden space 4096K, 99% used [0x00000000d5580000,0x00000000d597d1c0,0x00000000d5980000)
  from space 512K, 18% used [0x00000000d5a00000,0x00000000d5a18000,0x00000000d5a80000)
  to   space 512K, 0% used [0x00000000d5a80000,0x00000000d5a80000,0x00000000d5b00000)
 ParOldGen       total 860672K, used 860371K [0x0000000080000000, 0x00000000b4880000, 0x00000000d5580000)
  object space 860672K, 99% used [0x0000000080000000,0x00000000b4834f00,0x00000000b4880000)
 Metaspace       used 76303K, committed 77952K, reserved 1179648K
  class space    used 7986K, committed 8704K, reserved 1048576K
}
Event: 207.667 GC heap after
{Heap after GC invocations=1415 (full 3):
 PSYoungGen      total 4608K, used 241K [0x00000000d5580000, 0x00000000d5b00000, 0x0000000100000000)
  eden space 4096K, 0% used [0x00000000d5580000,0x00000000d5580000,0x00000000d5980000)
  from space 512K, 47% used [0x00000000d5a80000,0x00000000d5abc5b0,0x00000000d5b00000)
  to   space 512K, 0% used [0x00000000d5a00000,0x00000000d5a00000,0x00000000d5a80000)
 ParOldGen       total 860672K, used 860411K [0x0000000080000000, 0x00000000b4880000, 0x00000000d5580000)
  object space 860672K, 99% used [0x0000000080000000,0x00000000b483ef00,0x00000000b4880000)
 Metaspace       used 76303K, committed 77952K, reserved 1179648K
  class space    used 7986K, committed 8704K, reserved 1048576K
}
Event: 207.897 GC heap before
{Heap before GC invocations=1416 (full 3):
 PSYoungGen      total 4608K, used 4337K [0x00000000d5580000, 0x00000000d5b00000, 0x0000000100000000)
  eden space 4096K, 100% used [0x00000000d5580000,0x00000000d5980000,0x00000000d5980000)
  from space 512K, 47% used [0x00000000d5a80000,0x00000000d5abc5b0,0x00000000d5b00000)
  to   space 512K, 0% used [0x00000000d5a00000,0x00000000d5a00000,0x00000000d5a80000)
 ParOldGen       total 860672K, used 860411K [0x0000000080000000, 0x00000000b4880000, 0x00000000d5580000)
  object space 860672K, 99% used [0x0000000080000000,0x00000000b483ef00,0x00000000b4880000)
 Metaspace       used 76828K, committed 78464K, reserved 1179648K
  class space    used 8043K, committed 8768K, reserved 1048576K
}
Event: 207.899 GC heap after
{Heap after GC invocations=1416 (full 3):
 PSYoungGen      total 4608K, used 192K [0x00000000d5580000, 0x00000000d5b00000, 0x0000000100000000)
  eden space 4096K, 0% used [0x00000000d5580000,0x00000000d5580000,0x00000000d5980000)
  from space 512K, 37% used [0x00000000d5a00000,0x00000000d5a30020,0x00000000d5a80000)
  to   space 512K, 0% used [0x00000000d5a80000,0x00000000d5a80000,0x00000000d5b00000)
 ParOldGen       total 860672K, used 860570K [0x0000000080000000, 0x00000000b4880000, 0x00000000d5580000)
  object space 860672K, 99% used [0x0000000080000000,0x00000000b4866ac8,0x00000000b4880000)
 Metaspace       used 76828K, committed 78464K, reserved 1179648K
  class space    used 8043K, committed 8768K, reserved 1048576K
}
Event: 207.959 GC heap before
{Heap before GC invocations=1417 (full 3):
 PSYoungGen      total 4608K, used 4286K [0x00000000d5580000, 0x00000000d5b00000, 0x0000000100000000)
  eden space 4096K, 99% used [0x00000000d5580000,0x00000000d597fad0,0x00000000d5980000)
  from space 512K, 37% used [0x00000000d5a00000,0x00000000d5a30020,0x00000000d5a80000)
  to   space 512K, 0% used [0x00000000d5a80000,0x00000000d5a80000,0x00000000d5b00000)
 ParOldGen       total 860672K, used 860570K [0x0000000080000000, 0x00000000b4880000, 0x00000000d5580000)
  object space 860672K, 99% used [0x0000000080000000,0x00000000b4866ac8,0x00000000b4880000)
 Metaspace       used 77312K, committed 78976K, reserved 1179648K
  class space    used 8104K, committed 8832K, reserved 1048576K
}
Event: 207.961 GC heap after
{Heap after GC invocations=1417 (full 3):
 PSYoungGen      total 4608K, used 249K [0x00000000d5580000, 0x00000000d5b00000, 0x0000000100000000)
  eden space 4096K, 0% used [0x00000000d5580000,0x00000000d5580000,0x00000000d5980000)
  from space 512K, 48% used [0x00000000d5a80000,0x00000000d5abe5c0,0x00000000d5b00000)
  to   space 512K, 0% used [0x00000000d5a00000,0x00000000d5a00000,0x00000000d5a80000)
 ParOldGen       total 861184K, used 860690K [0x0000000080000000, 0x00000000b4900000, 0x00000000d5580000)
  object space 861184K, 99% used [0x0000000080000000,0x00000000b4884ae8,0x00000000b4900000)
 Metaspace       used 77312K, committed 78976K, reserved 1179648K
  class space    used 8104K, committed 8832K, reserved 1048576K
}
Event: 208.043 GC heap before
{Heap before GC invocations=1418 (full 3):
 PSYoungGen      total 4608K, used 4345K [0x00000000d5580000, 0x00000000d5b00000, 0x0000000100000000)
  eden space 4096K, 100% used [0x00000000d5580000,0x00000000d5980000,0x00000000d5980000)
  from space 512K, 48% used [0x00000000d5a80000,0x00000000d5abe5c0,0x00000000d5b00000)
  to   space 512K, 0% used [0x00000000d5a00000,0x00000000d5a00000,0x00000000d5a80000)
 ParOldGen       total 861184K, used 860690K [0x0000000080000000, 0x00000000b4900000, 0x00000000d5580000)
  object space 861184K, 99% used [0x0000000080000000,0x00000000b4884ae8,0x00000000b4900000)
 Metaspace       used 77727K, committed 79360K, reserved 1179648K
  class space    used 8185K, committed 8896K, reserved 1048576K
}
Event: 208.045 GC heap after
{Heap after GC invocations=1418 (full 3):
 PSYoungGen      total 4608K, used 176K [0x00000000d5580000, 0x00000000d5b00000, 0x0000000100000000)
  eden space 4096K, 0% used [0x00000000d5580000,0x00000000d5580000,0x00000000d5980000)
  from space 512K, 34% used [0x00000000d5a00000,0x00000000d5a2c010,0x00000000d5a80000)
  to   space 512K, 0% used [0x00000000d5a80000,0x00000000d5a80000,0x00000000d5b00000)
 ParOldGen       total 861184K, used 860738K [0x0000000080000000, 0x00000000b4900000, 0x00000000d5580000)
  object space 861184K, 99% used [0x0000000080000000,0x00000000b4890ae8,0x00000000b4900000)
 Metaspace       used 77727K, committed 79360K, reserved 1179648K
  class space    used 8185K, committed 8896K, reserved 1048576K
}
Event: 208.163 GC heap before
{Heap before GC invocations=1419 (full 3):
 PSYoungGen      total 4608K, used 4272K [0x00000000d5580000, 0x00000000d5b00000, 0x0000000100000000)
  eden space 4096K, 100% used [0x00000000d5580000,0x00000000d5980000,0x00000000d5980000)
  from space 512K, 34% used [0x00000000d5a00000,0x00000000d5a2c010,0x00000000d5a80000)
  to   space 512K, 0% used [0x00000000d5a80000,0x00000000d5a80000,0x00000000d5b00000)
 ParOldGen       total 861184K, used 860738K [0x0000000080000000, 0x00000000b4900000, 0x00000000d5580000)
  object space 861184K, 99% used [0x0000000080000000,0x00000000b4890ae8,0x00000000b4900000)
 Metaspace       used 78140K, committed 79744K, reserved 1179648K
  class space    used 8266K, committed 8960K, reserved 1048576K
}
Event: 208.165 GC heap after
{Heap after GC invocations=1419 (full 3):
 PSYoungGen      total 4608K, used 160K [0x00000000d5580000, 0x00000000d5b00000, 0x0000000100000000)
  eden space 4096K, 0% used [0x00000000d5580000,0x00000000d5580000,0x00000000d5980000)
  from space 512K, 31% used [0x00000000d5a80000,0x00000000d5aa8000,0x00000000d5b00000)
  to   space 512K, 0% used [0x00000000d5a00000,0x00000000d5a00000,0x00000000d5a80000)
 ParOldGen       total 861184K, used 860834K [0x0000000080000000, 0x00000000b4900000, 0x00000000d5580000)
  object space 861184K, 99% used [0x0000000080000000,0x00000000b48a8b18,0x00000000b4900000)
 Metaspace       used 78140K, committed 79744K, reserved 1179648K
  class space    used 8266K, committed 8960K, reserved 1048576K
}
Event: 208.420 GC heap before
{Heap before GC invocations=1420 (full 3):
 PSYoungGen      total 4608K, used 4256K [0x00000000d5580000, 0x00000000d5b00000, 0x0000000100000000)
  eden space 4096K, 100% used [0x00000000d5580000,0x00000000d5980000,0x00000000d5980000)
  from space 512K, 31% used [0x00000000d5a80000,0x00000000d5aa8000,0x00000000d5b00000)
  to   space 512K, 0% used [0x00000000d5a00000,0x00000000d5a00000,0x00000000d5a80000)
 ParOldGen       total 861184K, used 860834K [0x0000000080000000, 0x00000000b4900000, 0x00000000d5580000)
  object space 861184K, 99% used [0x0000000080000000,0x00000000b48a8b18,0x00000000b4900000)
 Metaspace       used 78596K, committed 80256K, reserved 1179648K
  class space    used 8324K, committed 9024K, reserved 1048576K
}
Event: 208.428 GC heap after
{Heap after GC invocations=1420 (full 3):
 PSYoungGen      total 4608K, used 192K [0x00000000d5580000, 0x00000000d5b00000, 0x0000000100000000)
  eden space 4096K, 0% used [0x00000000d5580000,0x00000000d5580000,0x00000000d5980000)
  from space 512K, 37% used [0x00000000d5a00000,0x00000000d5a30000,0x00000000d5a80000)
  to   space 512K, 0% used [0x00000000d5a80000,0x00000000d5a80000,0x00000000d5b00000)
 ParOldGen       total 861184K, used 860898K [0x0000000080000000, 0x00000000b4900000, 0x00000000d5580000)
  object space 861184K, 99% used [0x0000000080000000,0x00000000b48b8b18,0x00000000b4900000)
 Metaspace       used 78596K, committed 80256K, reserved 1179648K
  class space    used 8324K, committed 9024K, reserved 1048576K
}

Dll operation events (12 events):
Event: 0.026 Loaded shared library c:\Users\user\.vscode\extensions\redhat.java-1.44.0-win32-x64\jre\21.0.8-win32-x86_64\bin\java.dll
Event: 0.144 Loaded shared library c:\Users\user\.vscode\extensions\redhat.java-1.44.0-win32-x64\jre\21.0.8-win32-x86_64\bin\zip.dll
Event: 0.435 Loaded shared library C:\Users\user\.vscode\extensions\redhat.java-1.44.0-win32-x64\jre\21.0.8-win32-x86_64\bin\instrument.dll
Event: 0.442 Loaded shared library C:\Users\user\.vscode\extensions\redhat.java-1.44.0-win32-x64\jre\21.0.8-win32-x86_64\bin\net.dll
Event: 0.446 Loaded shared library C:\Users\user\.vscode\extensions\redhat.java-1.44.0-win32-x64\jre\21.0.8-win32-x86_64\bin\nio.dll
Event: 0.450 Loaded shared library C:\Users\user\.vscode\extensions\redhat.java-1.44.0-win32-x64\jre\21.0.8-win32-x86_64\bin\zip.dll
Event: 0.513 Loaded shared library C:\Users\user\.vscode\extensions\redhat.java-1.44.0-win32-x64\jre\21.0.8-win32-x86_64\bin\jimage.dll
Event: 0.798 Loaded shared library c:\Users\user\.vscode\extensions\redhat.java-1.44.0-win32-x64\jre\21.0.8-win32-x86_64\bin\verify.dll
Event: 6.294 Loaded shared library C:\Users\user\AppData\Roaming\Code\User\globalStorage\redhat.java\1.44.0\config_win\org.eclipse.equinox.launcher\org.eclipse.equinox.launcher.win32.win32.x86_64_1.2.1400.v20250730-1736\eclipse_11913.dll
Event: 12.314 Loaded shared library C:\Users\user\AppData\Local\Temp\jna-3599307\jna10059207654502448682.dll
Event: 20.949 Loaded shared library C:\Users\user\.vscode\extensions\redhat.java-1.44.0-win32-x64\jre\21.0.8-win32-x86_64\bin\sunmscapi.dll
Event: 22.752 Loaded shared library C:\Users\user\.vscode\extensions\redhat.java-1.44.0-win32-x64\jre\21.0.8-win32-x86_64\bin\extnet.dll

Deoptimization events (20 events):
Event: 208.480 Thread 0x000002156414b8d0 DEOPT PACKING pc=0x0000021512a9b768 sp=0x000000363cbfe3c0
Event: 208.480 Thread 0x000002156414b8d0 DEOPT UNPACKING pc=0x00000215118d6da2 sp=0x000000363cbfe300 mode 2
Event: 208.480 Thread 0x000002156414b8d0 Uncommon trap: trap_request=0xffffffde fr.pc=0x0000021512a9c4c4 relative=0x0000000000000104
Event: 208.480 Thread 0x000002156414b8d0 Uncommon trap: reason=class_check action=maybe_recompile pc=0x0000021512a9c4c4 method=java.util.stream.ReduceOps$3.getOpFlags()I @ 4 c2
Event: 208.480 Thread 0x000002156414b8d0 DEOPT PACKING pc=0x0000021512a9c4c4 sp=0x000000363cbfe330
Event: 208.480 Thread 0x000002156414b8d0 DEOPT UNPACKING pc=0x00000215118d6da2 sp=0x000000363cbfe2c8 mode 2
Event: 208.493 Thread 0x000002156414b8d0 Uncommon trap: trap_request=0xffffffd6 fr.pc=0x0000021512b45944 relative=0x00000000000009e4
Event: 208.493 Thread 0x000002156414b8d0 Uncommon trap: reason=array_check action=maybe_recompile pc=0x0000021512b45944 method=com.google.gson.internal.GsonTypes$ParameterizedTypeImpl.<init>(Ljava/lang/reflect/Type;Ljava/lang/Class;[Ljava/lang/reflect/Type;)V @ 136 c2
Event: 208.493 Thread 0x000002156414b8d0 DEOPT PACKING pc=0x0000021512b45944 sp=0x000000363cbfde40
Event: 208.493 Thread 0x000002156414b8d0 DEOPT UNPACKING pc=0x00000215118d6da2 sp=0x000000363cbfdd80 mode 2
Event: 209.027 Thread 0x000002156414b240 DEOPT PACKING pc=0x000002150a7c7e8c sp=0x000000363c7fefa0
Event: 209.027 Thread 0x000002156414b240 DEOPT UNPACKING pc=0x00000215118d78e2 sp=0x000000363c7fe460 mode 0
Event: 211.904 Thread 0x0000021566a38080 DEOPT PACKING pc=0x000002150a7c7e8c sp=0x000000363d3fefe0
Event: 211.904 Thread 0x0000021566a38080 DEOPT UNPACKING pc=0x00000215118d78e2 sp=0x000000363d3fe4a0 mode 0
Event: 216.264 Thread 0x00000215643580c0 DEOPT PACKING pc=0x000002150a7c7e8c sp=0x000000363c1fefb0
Event: 216.269 Thread 0x00000215643580c0 DEOPT UNPACKING pc=0x00000215118d78e2 sp=0x000000363c1fe470 mode 0
Event: 223.895 Thread 0x000002156414d9a0 DEOPT PACKING pc=0x000002150bd2457e sp=0x000000363cdfda20
Event: 223.896 Thread 0x000002156414d9a0 DEOPT UNPACKING pc=0x00000215118d78e2 sp=0x000000363cdfce90 mode 0
Event: 268.029 Thread 0x0000021564150e20 DEOPT PACKING pc=0x000002150a7c7e8c sp=0x000000363caff240
Event: 268.029 Thread 0x0000021564150e20 DEOPT UNPACKING pc=0x00000215118d78e2 sp=0x000000363cafe700 mode 0

Classes loaded (20 events):
Event: 208.452 Loading class java/util/stream/SliceOps
Event: 208.454 Loading class java/util/stream/SliceOps done
Event: 208.454 Loading class java/util/stream/SliceOps$1
Event: 208.455 Loading class java/util/stream/SliceOps$1 done
Event: 208.479 Loading class java/util/stream/SliceOps$1$1
Event: 208.480 Loading class java/util/stream/SliceOps$1$1 done
Event: 208.499 Loading class java/util/concurrent/CompletableFuture$UniWhenComplete
Event: 208.499 Loading class java/util/concurrent/CompletableFuture$UniWhenComplete done
Event: 208.500 Loading class java/util/concurrent/CompletableFuture$UniCompose
Event: 208.501 Loading class java/util/concurrent/CompletableFuture$UniCompose done
Event: 208.501 Loading class java/util/concurrent/CompletableFuture$UniRelay
Event: 208.501 Loading class java/util/concurrent/CompletableFuture$UniRelay done
Event: 209.028 Loading class java/util/concurrent/ScheduledThreadPoolExecutor$DelayedWorkQueue$Itr
Event: 209.029 Loading class java/util/concurrent/ScheduledThreadPoolExecutor$DelayedWorkQueue$Itr done
Event: 223.835 Loading class java/lang/ProcessHandleImpl$ExitCompletion
Event: 223.864 Loading class java/lang/ProcessHandleImpl$ExitCompletion done
Event: 223.864 Loading class java/lang/ProcessHandleImpl$1
Event: 223.879 Loading class java/lang/ProcessHandleImpl$1 done
Event: 223.886 Loading class java/util/concurrent/CompletableFuture$UniHandle
Event: 223.887 Loading class java/util/concurrent/CompletableFuture$UniHandle done

Classes unloaded (7 events):
Event: 14.093 Thread 0x0000021507208810 Unloading class 0x000002151f1b4400 'java/lang/invoke/LambdaForm$MH+0x000002151f1b4400'
Event: 14.093 Thread 0x0000021507208810 Unloading class 0x000002151f1b4000 'java/lang/invoke/LambdaForm$MH+0x000002151f1b4000'
Event: 14.093 Thread 0x0000021507208810 Unloading class 0x000002151f1b3c00 'java/lang/invoke/LambdaForm$MH+0x000002151f1b3c00'
Event: 14.093 Thread 0x0000021507208810 Unloading class 0x000002151f1b3800 'java/lang/invoke/LambdaForm$MH+0x000002151f1b3800'
Event: 14.093 Thread 0x0000021507208810 Unloading class 0x000002151f1b3400 'java/lang/invoke/LambdaForm$BMH+0x000002151f1b3400'
Event: 14.093 Thread 0x0000021507208810 Unloading class 0x000002151f1b3000 'java/lang/invoke/LambdaForm$DMH+0x000002151f1b3000'
Event: 14.093 Thread 0x0000021507208810 Unloading class 0x000002151f1b2000 'java/lang/invoke/LambdaForm$DMH+0x000002151f1b2000'

Classes redefined (0 events):
No events

Internal exceptions (20 events):
Event: 113.643 Thread 0x000002156414c5f0 Exception <a 'java/lang/ArrayIndexOutOfBoundsException'{0x00000000d55fb598}> (0x00000000d55fb598) 
thrown [s\src\hotspot\share\runtime\sharedRuntime.cpp, line 625]
Event: 118.705 Thread 0x000002156414c5f0 Exception <a 'java/lang/ArrayIndexOutOfBoundsException'{0x00000000d5612af8}> (0x00000000d5612af8) 
thrown [s\src\hotspot\share\runtime\sharedRuntime.cpp, line 625]
Event: 120.700 Thread 0x0000021564149e90 Exception <a 'java/lang/ArrayIndexOutOfBoundsException'{0x00000000d594d3d0}> (0x00000000d594d3d0) 
thrown [s\src\hotspot\share\runtime\sharedRuntime.cpp, line 625]
Event: 206.967 Thread 0x000002156414c5f0 Exception <a 'sun/nio/fs/WindowsException'{0x00000000d56f2638}> (0x00000000d56f2638) 
thrown [s\src\hotspot\share\prims\jni.cpp, line 520]
Event: 206.970 Thread 0x000002156414c5f0 Exception <a 'sun/nio/fs/WindowsException'{0x00000000d56f2f18}> (0x00000000d56f2f18) 
thrown [s\src\hotspot\share\prims\jni.cpp, line 520]
Event: 206.972 Thread 0x000002156414c5f0 Exception <a 'sun/nio/fs/WindowsException'{0x00000000d56f3c60}> (0x00000000d56f3c60) 
thrown [s\src\hotspot\share\prims\jni.cpp, line 520]
Event: 206.972 Thread 0x000002156414c5f0 Exception <a 'sun/nio/fs/WindowsException'{0x00000000d56f4540}> (0x00000000d56f4540) 
thrown [s\src\hotspot\share\prims\jni.cpp, line 520]
Event: 206.975 Thread 0x000002156414c5f0 Exception <a 'sun/nio/fs/WindowsException'{0x00000000d56f5c98}> (0x00000000d56f5c98) 
thrown [s\src\hotspot\share\prims\jni.cpp, line 520]
Event: 206.975 Thread 0x000002156414c5f0 Exception <a 'sun/nio/fs/WindowsException'{0x00000000d56f62c8}> (0x00000000d56f62c8) 
thrown [s\src\hotspot\share\prims\jni.cpp, line 520]
Event: 207.054 Thread 0x000002156414c5f0 Exception <a 'sun/nio/fs/WindowsException'{0x00000000d5713e60}> (0x00000000d5713e60) 
thrown [s\src\hotspot\share\prims\jni.cpp, line 520]
Event: 207.055 Thread 0x000002156414c5f0 Exception <a 'sun/nio/fs/WindowsException'{0x00000000d5714740}> (0x00000000d5714740) 
thrown [s\src\hotspot\share\prims\jni.cpp, line 520]
Event: 207.822 Thread 0x000002156414abb0 Exception <a 'java/io/FileNotFoundException'{0x00000000d56285a8}> (0x00000000d56285a8) 
thrown [s\src\hotspot\share\prims\jni.cpp, line 520]
Event: 208.151 Thread 0x000002156414abb0 Exception <a 'java/lang/NoSuchMethodError'{0x00000000d58e2a70}: 'java.lang.Object java.lang.invoke.DirectMethodHandle$Holder.invokeVirtual(java.lang.Object, java.lang.Object, java.lang.Object, java.lang.Object)'> (0x00000000d58e2a70) 
thrown [s\src\hotspot\share\interpreter\linkResolver.cpp, line 773]
Event: 208.312 Thread 0x000002156414b8d0 Exception <a 'java/lang/NoSuchMethodError'{0x00000000d58f2568}: 'java.lang.Object java.lang.invoke.DirectMethodHandle$Holder.invokeStatic(java.lang.Object, long, java.lang.Object, java.lang.Object)'> (0x00000000d58f2568) 
thrown [s\src\hotspot\share\interpreter\linkResolver.cpp, line 773]
Event: 208.443 Thread 0x000002156414b8d0 Exception <a 'sun/nio/fs/WindowsException'{0x00000000d55864c8}> (0x00000000d55864c8) 
thrown [s\src\hotspot\share\prims\jni.cpp, line 520]
Event: 208.443 Thread 0x000002156414b8d0 Exception <a 'sun/nio/fs/WindowsException'{0x00000000d5588228}> (0x00000000d5588228) 
thrown [s\src\hotspot\share\prims\jni.cpp, line 520]
Event: 208.497 Thread 0x000002156414b8d0 Exception <a 'java/lang/NoSuchMethodError'{0x00000000d5623b60}: 'void java.lang.invoke.DirectMethodHandle$Holder.invokeStatic(java.lang.Object, java.lang.Object, java.lang.Object, java.lang.Object, java.lang.Object, java.lang.Object, java.lang.Object)'> (0x00000000d5623b60) 
thrown [s\src\hotspot\share\interpreter\linkResolver.cpp, line 773]
Event: 217.971 Thread 0x000002156414d9a0 Exception <a 'java/lang/NoSuchMethodError'{0x00000000d5699d70}: 'long java.lang.invoke.DelegatingMethodHandle$Holder.reinvoke_L(java.lang.Object, java.lang.Object)'> (0x00000000d5699d70) 
thrown [s\src\hotspot\share\interpreter\linkResolver.cpp, line 773]
Event: 218.157 Thread 0x000002156414d9a0 Exception <a 'java/lang/NoSuchMethodError'{0x00000000d56a3e58}: 'void java.lang.invoke.DelegatingMethodHandle$Holder.reinvoke_L(java.lang.Object, java.lang.Object, long)'> (0x00000000d56a3e58) 
thrown [s\src\hotspot\share\interpreter\linkResolver.cpp, line 773]
Event: 223.892 Thread 0x000002156414d9a0 Exception <a 'java/lang/NoSuchMethodError'{0x00000000d5834330}: 'long java.lang.invoke.Invokers$Holder.invokeExact_MT(java.lang.Object, java.lang.Object, java.lang.Object)'> (0x00000000d5834330) 
thrown [s\src\hotspot\share\interpreter\linkResolver.cpp, line 773]

ZGC Phase Switch (0 events):
No events

VM Operations (20 events):
Event: 219.740 Executing VM operation: Cleanup
Event: 219.755 Executing VM operation: Cleanup done
Event: 224.780 Executing VM operation: Cleanup
Event: 224.781 Executing VM operation: Cleanup done
Event: 239.184 Executing VM operation: Cleanup
Event: 239.184 Executing VM operation: Cleanup done
Event: 240.828 Executing VM operation: HandshakeAllThreads (HandshakeForDeflation)
Event: 240.831 Executing VM operation: HandshakeAllThreads (HandshakeForDeflation) done
Event: 240.831 Executing VM operation: RendezvousGCThreads
Event: 240.832 Executing VM operation: RendezvousGCThreads done
Event: 241.837 Executing VM operation: Cleanup
Event: 241.837 Executing VM operation: Cleanup done
Event: 251.923 Executing VM operation: Cleanup
Event: 251.923 Executing VM operation: Cleanup done
Event: 277.149 Executing VM operation: Cleanup
Event: 277.199 Executing VM operation: Cleanup done
Event: 300.813 Executing VM operation: HandshakeAllThreads (HandshakeForDeflation)
Event: 300.818 Executing VM operation: HandshakeAllThreads (HandshakeForDeflation) done
Event: 300.820 Executing VM operation: RendezvousGCThreads
Event: 300.820 Executing VM operation: RendezvousGCThreads done

Memory protections (0 events):
No events

Nmethod flushes (20 events):
Event: 32.591 Thread 0x0000021507208810 flushing  nmethod 0x000002150ad80210
Event: 32.591 Thread 0x0000021507208810 flushing  nmethod 0x000002150ad87e90
Event: 32.591 Thread 0x0000021507208810 flushing osr nmethod 0x000002150adc8c10
Event: 32.591 Thread 0x0000021507208810 flushing  nmethod 0x000002150adcb790
Event: 32.591 Thread 0x0000021507208810 flushing  nmethod 0x000002150adcd610
Event: 32.591 Thread 0x0000021507208810 flushing  nmethod 0x000002150adcdf10
Event: 32.591 Thread 0x0000021507208810 flushing  nmethod 0x000002150adcf010
Event: 32.591 Thread 0x0000021507208810 flushing  nmethod 0x000002150ade0f90
Event: 32.591 Thread 0x0000021507208810 flushing  nmethod 0x000002150ade7290
Event: 32.591 Thread 0x0000021507208810 flushing  nmethod 0x000002150ae03f90
Event: 32.591 Thread 0x0000021507208810 flushing  nmethod 0x000002150ae17f10
Event: 32.591 Thread 0x0000021507208810 flushing  nmethod 0x000002150ae1b710
Event: 32.591 Thread 0x0000021507208810 flushing  nmethod 0x000002150ae29e10
Event: 32.591 Thread 0x0000021507208810 flushing  nmethod 0x000002150ae3ec90
Event: 32.591 Thread 0x0000021507208810 flushing  nmethod 0x000002150ae3f110
Event: 32.591 Thread 0x0000021507208810 flushing  nmethod 0x000002150ae4b690
Event: 32.591 Thread 0x0000021507208810 flushing  nmethod 0x000002150ae8c610
Event: 32.591 Thread 0x0000021507208810 flushing  nmethod 0x000002150ae8d590
Event: 32.591 Thread 0x0000021507208810 flushing  nmethod 0x000002150ae8dc90
Event: 32.591 Thread 0x0000021507208810 flushing  nmethod 0x000002150ae8e290

Events (20 events):
Event: 183.527 Thread 0x00000215644a70d0 Thread exited: 0x00000215644a70d0
Event: 183.529 Thread 0x00000215644a7760 Thread exited: 0x00000215644a7760
Event: 183.534 Thread 0x0000021566560cd0 Thread exited: 0x0000021566560cd0
Event: 207.606 Thread 0x000002156414c5f0 Thread added: 0x000002156414a520
Event: 207.617 Thread 0x000002156414a520 Thread added: 0x000002156414abb0
Event: 207.997 Thread 0x000002156414abb0 Thread added: 0x000002156414b240
Event: 208.006 Thread 0x000002156414abb0 Thread added: 0x0000021564150e20
Event: 208.287 Thread 0x000002156414abb0 Thread added: 0x000002156414b8d0
Event: 208.493 Thread 0x000002156414b8d0 Thread added: 0x000002156414e6c0
Event: 216.536 Thread 0x000002156655d850 Thread exited: 0x000002156655d850
Event: 217.760 Thread 0x000002156414abb0 Thread added: 0x000002156414d9a0
Event: 217.915 Thread 0x000002156414e6c0 Thread exited: 0x000002156414e6c0
Event: 223.885 Thread 0x000002156414d9a0 Thread added: 0x000002156414e6c0
Event: 223.976 Thread 0x000002156414d9a0 Thread exited: 0x000002156414d9a0
Event: 239.020 Thread 0x000002156414b8d0 Thread exited: 0x000002156414b8d0
Event: 247.398 Thread 0x000002156414e030 Thread added: 0x000002156414b8d0
Event: 247.502 Thread 0x0000021566563ac0 Thread added: 0x000002156414d9a0
Event: 269.056 Thread 0x000002156414abb0 Thread exited: 0x000002156414abb0
Event: 276.548 Thread 0x000002156655f290 Thread exited: 0x000002156655f290
Event: 298.957 Thread 0x000002156414e6c0 Thread exited: 0x000002156414e6c0


Dynamic libraries:
0x00007ff60c2f0000 - 0x00007ff60c2fe000 	c:\Users\user\.vscode\extensions\redhat.java-1.44.0-win32-x64\jre\21.0.8-win32-x86_64\bin\java.exe
0x00007ff976870000 - 0x00007ff976a87000 	C:\WINDOWS\SYSTEM32\ntdll.dll
0x00007ff975340000 - 0x00007ff975404000 	C:\WINDOWS\System32\KERNEL32.DLL
0x00007ff973960000 - 0x00007ff973d32000 	C:\WINDOWS\System32\KERNELBASE.dll
0x00007ff9743e0000 - 0x00007ff9744f1000 	C:\WINDOWS\System32\ucrtbase.dll
0x00007ff960eb0000 - 0x00007ff960ec8000 	c:\Users\user\.vscode\extensions\redhat.java-1.44.0-win32-x64\jre\21.0.8-win32-x86_64\bin\jli.dll
0x00007ff975410000 - 0x00007ff9755c1000 	C:\WINDOWS\System32\USER32.dll
0x00007ff974000000 - 0x00007ff974026000 	C:\WINDOWS\System32\win32u.dll
0x00007ff974c60000 - 0x00007ff974c89000 	C:\WINDOWS\System32\GDI32.dll
0x00007ff9741f0000 - 0x00007ff974313000 	C:\WINDOWS\System32\gdi32full.dll
0x00007ff973f60000 - 0x00007ff973ffa000 	C:\WINDOWS\System32\msvcp_win.dll
0x00007ff960e90000 - 0x00007ff960eae000 	c:\Users\user\.vscode\extensions\redhat.java-1.44.0-win32-x64\jre\21.0.8-win32-x86_64\bin\VCRUNTIME140.dll
0x00007ff958e20000 - 0x00007ff9590bb000 	C:\WINDOWS\WinSxS\amd64_microsoft.windows.common-controls_6595b64144ccf1df_6.0.22621.5547_none_27104afb73855772\COMCTL32.dll
0x00007ff9746a0000 - 0x00007ff974747000 	C:\WINDOWS\System32\msvcrt.dll
0x00007ff976620000 - 0x00007ff976651000 	C:\WINDOWS\System32\IMM32.DLL
0x00007ff976500000 - 0x00007ff976569000 	C:\WINDOWS\System32\SHLWAPI.dll
0x00007ff975040000 - 0x00007ff9750f1000 	C:\WINDOWS\System32\ADVAPI32.dll
0x00007ff975100000 - 0x00007ff9751a8000 	C:\WINDOWS\System32\sechost.dll
0x00007ff973d40000 - 0x00007ff973d68000 	C:\WINDOWS\System32\bcrypt.dll
0x00007ff974580000 - 0x00007ff974694000 	C:\WINDOWS\System32\RPCRT4.dll
0x00007ff960e80000 - 0x00007ff960e8c000 	c:\Users\user\.vscode\extensions\redhat.java-1.44.0-win32-x64\jre\21.0.8-win32-x86_64\bin\vcruntime140_1.dll
0x00007ff91c250000 - 0x00007ff91c2dd000 	c:\Users\user\.vscode\extensions\redhat.java-1.44.0-win32-x64\jre\21.0.8-win32-x86_64\bin\msvcp140.dll
0x00007ff8ce810000 - 0x00007ff8cf5a7000 	c:\Users\user\.vscode\extensions\redhat.java-1.44.0-win32-x64\jre\21.0.8-win32-x86_64\bin\server\jvm.dll
0x00007ff9751b0000 - 0x00007ff975221000 	C:\WINDOWS\System32\WS2_32.dll
0x00007ff973830000 - 0x00007ff97387d000 	C:\WINDOWS\SYSTEM32\POWRPROF.dll
0x00007ff96abc0000 - 0x00007ff96abf4000 	C:\WINDOWS\SYSTEM32\WINMM.dll
0x00007ff96a080000 - 0x00007ff96a08a000 	C:\WINDOWS\SYSTEM32\VERSION.dll
0x00007ff973810000 - 0x00007ff973823000 	C:\WINDOWS\SYSTEM32\UMPDC.dll
0x00007ff972990000 - 0x00007ff9729a8000 	C:\WINDOWS\SYSTEM32\kernel.appcore.dll
0x00007ff957200000 - 0x00007ff95720a000 	c:\Users\user\.vscode\extensions\redhat.java-1.44.0-win32-x64\jre\21.0.8-win32-x86_64\bin\jimage.dll
0x00007ff971490000 - 0x00007ff9716c3000 	C:\WINDOWS\SYSTEM32\DBGHELP.DLL
0x00007ff9748c0000 - 0x00007ff974c53000 	C:\WINDOWS\System32\combase.dll
0x00007ff976400000 - 0x00007ff9764d7000 	C:\WINDOWS\System32\OLEAUT32.dll
0x00007ff94c8d0000 - 0x00007ff94c902000 	C:\WINDOWS\SYSTEM32\dbgcore.DLL
0x00007ff973d70000 - 0x00007ff973deb000 	C:\WINDOWS\System32\bcryptPrimitives.dll
0x00007ff955b00000 - 0x00007ff955b0f000 	c:\Users\user\.vscode\extensions\redhat.java-1.44.0-win32-x64\jre\21.0.8-win32-x86_64\bin\instrument.dll
0x00007ff955ae0000 - 0x00007ff955aff000 	c:\Users\user\.vscode\extensions\redhat.java-1.44.0-win32-x64\jre\21.0.8-win32-x86_64\bin\java.dll
0x00007ff9755d0000 - 0x00007ff975e72000 	C:\WINDOWS\System32\SHELL32.dll
0x00007ff974030000 - 0x00007ff97416f000 	C:\WINDOWS\System32\wintypes.dll
0x00007ff971890000 - 0x00007ff9721ad000 	C:\WINDOWS\SYSTEM32\windows.storage.dll
0x00007ff975230000 - 0x00007ff97533c000 	C:\WINDOWS\System32\SHCORE.dll
0x00007ff973890000 - 0x00007ff9738bb000 	C:\WINDOWS\SYSTEM32\profapi.dll
0x00007ff955a50000 - 0x00007ff955a68000 	c:\Users\user\.vscode\extensions\redhat.java-1.44.0-win32-x64\jre\21.0.8-win32-x86_64\bin\zip.dll
0x00007ff955890000 - 0x00007ff9558a0000 	C:\Users\user\.vscode\extensions\redhat.java-1.44.0-win32-x64\jre\21.0.8-win32-x86_64\bin\net.dll
0x00007ff970290000 - 0x00007ff9703bc000 	C:\WINDOWS\SYSTEM32\WINHTTP.dll
0x00007ff972e10000 - 0x00007ff972e79000 	C:\WINDOWS\system32\mswsock.dll
0x00007ff942950000 - 0x00007ff942966000 	C:\Users\user\.vscode\extensions\redhat.java-1.44.0-win32-x64\jre\21.0.8-win32-x86_64\bin\nio.dll
0x00007ff954eb0000 - 0x00007ff954ec0000 	c:\Users\user\.vscode\extensions\redhat.java-1.44.0-win32-x64\jre\21.0.8-win32-x86_64\bin\verify.dll
0x00007ff915a00000 - 0x00007ff915a45000 	C:\Users\user\AppData\Roaming\Code\User\globalStorage\redhat.java\1.44.0\config_win\org.eclipse.equinox.launcher\org.eclipse.equinox.launcher.win32.win32.x86_64_1.2.1400.v20250730-1736\eclipse_11913.dll
0x00007ff974e10000 - 0x00007ff974fb0000 	C:\WINDOWS\System32\ole32.dll
0x00007ff973060000 - 0x00007ff97307b000 	C:\WINDOWS\SYSTEM32\CRYPTSP.dll
0x00007ff9728f0000 - 0x00007ff972927000 	C:\WINDOWS\system32\rsaenh.dll
0x00007ff972f00000 - 0x00007ff972f28000 	C:\WINDOWS\SYSTEM32\USERENV.dll
0x00007ff973080000 - 0x00007ff97308c000 	C:\WINDOWS\SYSTEM32\CRYPTBASE.dll
0x00007ff9724a0000 - 0x00007ff9724cd000 	C:\WINDOWS\SYSTEM32\IPHLPAPI.DLL
0x00007ff9748b0000 - 0x00007ff9748b9000 	C:\WINDOWS\System32\NSI.dll
0x00007ff9159b0000 - 0x00007ff9159f9000 	C:\Users\user\AppData\Local\Temp\jna-3599307\jna10059207654502448682.dll
0x00007ff9763a0000 - 0x00007ff9763a8000 	C:\WINDOWS\System32\PSAPI.DLL
0x00007ff96aad0000 - 0x00007ff96aae9000 	C:\WINDOWS\SYSTEM32\dhcpcsvc6.DLL
0x00007ff96aab0000 - 0x00007ff96aacf000 	C:\WINDOWS\SYSTEM32\dhcpcsvc.DLL
0x00007ff94c910000 - 0x00007ff94c91e000 	C:\Users\user\.vscode\extensions\redhat.java-1.44.0-win32-x64\jre\21.0.8-win32-x86_64\bin\sunmscapi.dll
0x00007ff973df0000 - 0x00007ff973f57000 	C:\WINDOWS\System32\CRYPT32.dll
0x00007ff973200000 - 0x00007ff97322d000 	C:\WINDOWS\SYSTEM32\ncrypt.dll
0x00007ff9731c0000 - 0x00007ff9731f7000 	C:\WINDOWS\SYSTEM32\NTASN1.dll
0x00007ff9724d0000 - 0x00007ff9725c8000 	C:\WINDOWS\SYSTEM32\DNSAPI.dll
0x00007ff96a990000 - 0x00007ff96a99a000 	C:\Windows\System32\rasadhlp.dll
0x00007ff968860000 - 0x00007ff9688e4000 	C:\WINDOWS\System32\fwpuclnt.dll
0x00007ff941d80000 - 0x00007ff941d89000 	C:\Users\user\.vscode\extensions\redhat.java-1.44.0-win32-x64\jre\21.0.8-win32-x86_64\bin\extnet.dll
0x00007ff972aa0000 - 0x00007ff972ad4000 	C:\WINDOWS\SYSTEM32\ntmarta.dll

JVMTI agents:
c:\Users\user\.vscode\extensions\redhat.java-1.44.0-win32-x64\lombok\lombok-1.18.39-4050.jar path:c:\Users\user\.vscode\extensions\redhat.java-1.44.0-win32-x64\jre\21.0.8-win32-x86_64\bin\instrument.dll, loaded, initialized, instrumentlib options:none

dbghelp: loaded successfully - version: 4.0.5 - missing functions: none
symbol engine: initialized successfully - sym options: 0x614 - pdb path: .;c:\Users\user\.vscode\extensions\redhat.java-1.44.0-win32-x64\jre\21.0.8-win32-x86_64\bin;C:\WINDOWS\SYSTEM32;C:\WINDOWS\WinSxS\amd64_microsoft.windows.common-controls_6595b64144ccf1df_6.0.22621.5547_none_27104afb73855772;c:\Users\user\.vscode\extensions\redhat.java-1.44.0-win32-x64\jre\21.0.8-win32-x86_64\bin\server;C:\Users\user\AppData\Roaming\Code\User\globalStorage\redhat.java\1.44.0\config_win\org.eclipse.equinox.launcher\org.eclipse.equinox.launcher.win32.win32.x86_64_1.2.1400.v20250730-1736;C:\Users\user\AppData\Local\Temp\jna-3599307

VM Arguments:
jvm_args: --add-modules=ALL-SYSTEM --add-opens=java.base/java.util=ALL-UNNAMED --add-opens=java.base/java.lang=ALL-UNNAMED --add-opens=java.base/sun.nio.fs=ALL-UNNAMED -Declipse.application=org.eclipse.jdt.ls.core.id1 -Dosgi.bundles.defaultStartLevel=4 -Declipse.product=org.eclipse.jdt.ls.core.product -Djava.import.generatesMetadataFilesAtProjectRoot=false -DDetectVMInstallationsJob.disabled=true -Dfile.encoding=utf8 -XX:+UseParallelGC -XX:GCTimeRatio=4 -XX:AdaptiveSizePolicyWeight=90 -Dsun.zip.disableMemoryMapping=true -Xmx2G -Xms100m -Xlog:disable -javaagent:c:\Users\user\.vscode\extensions\redhat.java-1.44.0-win32-x64\lombok\lombok-1.18.39-4050.jar -XX:+HeapDumpOnOutOfMemoryError -XX:HeapDumpPath=c:\Users\user\AppData\Roaming\Code\User\workspaceStorage\48b1f21240af86d5934cb470aa058fdb\redhat.java -Daether.dependencyCollector.impl=bf 
java_command: c:\Users\user\.vscode\extensions\redhat.java-1.44.0-win32-x64\server\plugins\org.eclipse.equinox.launcher_1.7.0.v20250519-0528.jar -configuration c:\Users\user\AppData\Roaming\Code\User\globalStorage\redhat.java\1.44.0\config_win -data c:\Users\user\AppData\Roaming\Code\User\workspaceStorage\48b1f21240af86d5934cb470aa058fdb\redhat.java\jdt_ws --pipe=\\.\pipe\lsp-9157e4c3f0e2417e1074a2128ce8e6ca-sock
java_class_path (initial): c:\Users\user\.vscode\extensions\redhat.java-1.44.0-win32-x64\server\plugins\org.eclipse.equinox.launcher_1.7.0.v20250519-0528.jar
Launcher Type: SUN_STANDARD

[Global flags]
    uintx AdaptiveSizePolicyWeight                 = 90                                        {product} {command line}
     intx CICompilerCount                          = 3                                         {product} {ergonomic}
    uintx GCTimeRatio                              = 4                                         {product} {command line}
     bool HeapDumpOnOutOfMemoryError               = true                                   {manageable} {command line}
    ccstr HeapDumpPath                             = c:\Users\user\AppData\Roaming\Code\User\workspaceStorage\48b1f21240af86d5934cb470aa058fdb\redhat.java         {manageable} {command line}
   size_t InitialHeapSize                          = 104857600                                 {product} {command line}
   size_t MaxHeapSize                              = 2147483648                                {product} {command line}
   size_t MaxNewSize                               = 715653120                                 {product} {ergonomic}
   size_t MinHeapDeltaBytes                        = 524288                                    {product} {ergonomic}
   size_t MinHeapSize                              = 104857600                                 {product} {command line}
   size_t NewSize                                  = 34603008                                  {product} {ergonomic}
    uintx NonNMethodCodeHeapSize                   = 5832780                                {pd product} {ergonomic}
    uintx NonProfiledCodeHeapSize                  = 122912730                              {pd product} {ergonomic}
   size_t OldSize                                  = 70254592                                  {product} {ergonomic}
    uintx ProfiledCodeHeapSize                     = 122912730                              {pd product} {ergonomic}
    uintx ReservedCodeCacheSize                    = 251658240                              {pd product} {ergonomic}
     bool SegmentedCodeCache                       = true                                      {product} {ergonomic}
   size_t SoftMaxHeapSize                          = 2147483648                             {manageable} {ergonomic}
     bool UseCompressedOops                        = true                           {product lp64_product} {ergonomic}
     bool UseLargePagesIndividualAllocation        = false                                  {pd product} {ergonomic}
     bool UseParallelGC                            = true                                      {product} {command line}

Logging:
Log output configuration:
 #0: stdout all=off uptime,level,tags foldmultilines=false
 #1: stderr all=off uptime,level,tags foldmultilines=false

Environment Variables:
JAVA_HOME=C:\Program Files\Java\jdk-21
PATH=C:\Program Files\Common Files\Oracle\Java\javapath;C:\ProgramData\Oracle\Java\javapath;C:\WINDOWS\system32;C:\WINDOWS;C:\WINDOWS\System32\Wbem;C:\WINDOWS\System32\WindowsPowerShell\v1.0\;C:\WINDOWS\System32\OpenSSH\;C:\Program Files\Git\cmd;C:\Program Files\PuTTY\;C:\Program Files\dotnet\;C:\Users\user\AppData\Local\Microsoft\WindowsApps;C:\Users\user\AppData\Local\Programs\Microsoft VS Code\bin;E:\IntelliJ IDEA Community Edition 2024.1.4\bin;;C:\Program Files\Java\jdk-21\bin;C:\Users\user\Desktop\apache-maven-3.9.10\bin;
USERNAME=user
OS=Windows_NT
PROCESSOR_IDENTIFIER=Intel64 Family 6 Model 140 Stepping 2, GenuineIntel
TMP=C:\Users\user\AppData\Local\Temp
TEMP=C:\Users\user\AppData\Local\Temp




Periodic native trim disabled

---------------  S Y S T E M  ---------------

OS:
 Windows 11 , 64 bit Build 22621 (10.0.22621.5415)
OS uptime: 0 days 0:28 hours

CPU: total 4 (initial active 4) (2 cores per cpu, 2 threads per core) family 6 model 140 stepping 2 microcode 0x2c, cx8, cmov, fxsr, ht, mmx, 3dnowpref, sse, sse2, sse3, ssse3, sse4.1, sse4.2, popcnt, lzcnt, tsc, tscinvbit, avx, avx2, aes, erms, clmul, bmi1, bmi2, adx, avx512f, avx512dq, avx512cd, avx512bw, avx512vl, sha, fma, vzeroupper, avx512_vpopcntdq, avx512_vpclmulqdq, avx512_vaes, avx512_vnni, clflush, clflushopt, clwb, avx512_vbmi2, avx512_vbmi, rdtscp, rdpid, fsrm, gfni, avx512_bitalg, f16c, pku, cet_ibt, cet_ss, avx512_ifma
Processor Information for the first 4 processors :
  Max Mhz: 2995, Current Mhz: 2995, Mhz Limit: 2995

Memory: 4k page, system-wide physical 7932M (918M free)
TotalPageFile size 18954M (AvailPageFile size 584M)
current process WorkingSet (physical memory assigned to process): 10M, peak: 601M
current process commit charge ("private bytes"): 1151M, peak: 1164M

vm_info: OpenJDK 64-Bit Server VM (21.0.8+9-LTS) for windows-amd64 JRE (21.0.8+9-LTS), built on 2025-07-15T00:00:00Z by "admin" with MS VC++ 17.7 (VS2022)

END.
